Determining if the pthread_create exist failed with the following output:
Change Dir: /home/lrx/code/gps_workspace/build/CMakeFiles/CMakeTmp

Run Build Command:"/usr/bin/make" "cmTC_bb2ae/fast"
/usr/bin/make -f CMakeFiles/cmTC_bb2ae.dir/build.make CMakeFiles/cmTC_bb2ae.dir/build
make[1]: Entering directory '/home/lrx/code/gps_workspace/build/CMakeFiles/CMakeTmp'
Building C object CMakeFiles/cmTC_bb2ae.dir/CheckSymbolExists.c.o
/usr/bin/cc     -o CMakeFiles/cmTC_bb2ae.dir/CheckSymbolExists.c.o   -c /home/lrx/code/gps_workspace/build/CMakeFiles/CMakeTmp/CheckSymbolExists.c
Linking C executable cmTC_bb2ae
/usr/bin/cmake -E cmake_link_script CMakeFiles/cmTC_bb2ae.dir/link.txt --verbose=1
/usr/bin/cc       CMakeFiles/cmTC_bb2ae.dir/CheckSymbolExists.c.o  -o cmTC_bb2ae -rdynamic 
CMakeFiles/cmTC_bb2ae.dir/CheckSymbolExists.c.o: In function `main':
CheckSymbolExists.c:(.text+0x16): undefined reference to `pthread_create'
collect2: error: ld returned 1 exit status
CMakeFiles/cmTC_bb2ae.dir/build.make:97: recipe for target 'cmTC_bb2ae' failed
make[1]: *** [cmTC_bb2ae] Error 1
make[1]: Leaving directory '/home/lrx/code/gps_workspace/build/CMakeFiles/CMakeTmp'
Makefile:126: recipe for target 'cmTC_bb2ae/fast' failed
make: *** [cmTC_bb2ae/fast] Error 2

File /home/lrx/code/gps_workspace/build/CMakeFiles/CMakeTmp/CheckSymbolExists.c:
/* */
#include <pthread.h>

int main(int argc, char** argv)
{
  (void)argv;
#ifndef pthread_create
  return ((int*)(&pthread_create))[argc];
#else
  (void)argc;
  return 0;
#endif
}

Determining if the function pthread_create exists in the pthreads failed with the following output:
Change Dir: /home/lrx/code/gps_workspace/build/CMakeFiles/CMakeTmp

Run Build Command:"/usr/bin/make" "cmTC_52b48/fast"
/usr/bin/make -f CMakeFiles/cmTC_52b48.dir/build.make CMakeFiles/cmTC_52b48.dir/build
make[1]: Entering directory '/home/lrx/code/gps_workspace/build/CMakeFiles/CMakeTmp'
Building C object CMakeFiles/cmTC_52b48.dir/CheckFunctionExists.c.o
/usr/bin/cc    -DCHECK_FUNCTION_EXISTS=pthread_create   -o CMakeFiles/cmTC_52b48.dir/CheckFunctionExists.c.o   -c /usr/share/cmake-3.5/Modules/CheckFunctionExists.c
Linking C executable cmTC_52b48
/usr/bin/cmake -E cmake_link_script CMakeFiles/cmTC_52b48.dir/link.txt --verbose=1
/usr/bin/cc   -DCHECK_FUNCTION_EXISTS=pthread_create    CMakeFiles/cmTC_52b48.dir/CheckFunctionExists.c.o  -o cmTC_52b48 -rdynamic -lpthreads 
/usr/bin/ld: cannot find -lpthreads
collect2: error: ld returned 1 exit status
CMakeFiles/cmTC_52b48.dir/build.make:97: recipe for target 'cmTC_52b48' failed
make[1]: *** [cmTC_52b48] Error 1
make[1]: Leaving directory '/home/lrx/code/gps_workspace/build/CMakeFiles/CMakeTmp'
Makefile:126: recipe for target 'cmTC_52b48/fast' failed
make: *** [cmTC_52b48/fast] Error 2


